2025-11-03T19:20:42+01:00 | remote_ip=::1 | http_status=200
response_raw={
  "success": true,
  "challenge_ts": "2025-11-03T18:20:39Z",
  "hostname": "localhost"
}
--------------------------------------------------------------------------------
2025-11-04T01:29:36+01:00 | remote_ip=::1 | http_status=200
response_raw={
  "success": true,
  "challenge_ts": "2025-11-04T00:29:34Z",
  "hostname": "localhost"
}
--------------------------------------------------------------------------------
2025-11-10T19:25:03+01:00 | remote_ip=::1 | http_status=200
response_raw={
  "success": true,
  "challenge_ts": "2025-11-10T18:25:00Z",
  "hostname": "localhost"
}
--------------------------------------------------------------------------------
